30-09-2019 13:54:28.570 [main] INFO  com.company.View.GameView - Menu of the game proposed
30-09-2019 13:54:36.822 [main] INFO  com.company.View.GameView - StrategyType: Challenger
30-09-2019 13:54:36.824 [main] INFO  com.company.View.GameView - Strategy Challenger Activated
30-09-2019 13:54:36.825 [main] INFO  com.company.View.GameView - IA generated number 3851
30-09-2019 13:54:54.761 [main] INFO  com.company.View.GameView - Illegal Choice
30-09-2019 13:55:02.043 [main] INFO  com.company.View.GameView - Proposition: 0000 -> Réponse :++++
30-09-2019 13:55:22.090 [main] INFO  com.company.View.GameView - Illegal Choice
30-09-2019 13:55:29.724 [main] INFO  com.company.View.GameView - Proposition: 6780 -> Réponse :-+-+
30-09-2019 13:55:56.086 [main] INFO  com.company.View.GameView - Illegal Choice
30-09-2019 13:56:01.959 [main] INFO  com.company.View.GameView - Illegal Choice
30-09-2019 13:56:09.429 [main] INFO  com.company.View.GameView - Illegal Choice
30-09-2019 13:56:18.895 [main] INFO  com.company.View.GameView - Illegal Choice
30-09-2019 14:01:02.971 [main] INFO  com.company.View.GameView - Config loaded combinationNum=4 tryNum=4
30-09-2019 14:01:02.979 [main] INFO  com.company.View.GameView - InitGame
30-09-2019 14:01:02.979 [main] INFO  com.company.View.GameView - Menu of the game proposed
30-09-2019 14:01:07.470 [main] INFO  com.company.View.GameView - StrategyType: Challenger
30-09-2019 14:01:07.478 [main] INFO  com.company.View.GameView - Strategy Challenger Activated
30-09-2019 14:01:07.478 [main] INFO  com.company.View.GameView - IA generated number 5656
30-09-2019 14:01:10.801 [main] INFO  com.company.View.GameView - Illegal Choice
30-09-2019 14:01:18.609 [main] INFO  com.company.View.GameView - Illegal Choice
30-09-2019 14:01:21.708 [main] INFO  com.company.View.GameView - Proposition: 0011 -> Réponse :++++
30-09-2019 14:01:25.474 [main] INFO  com.company.View.GameView - Proposition: 7777 -> Réponse :----
30-09-2019 14:01:30.719 [main] INFO  com.company.View.GameView - Illegal Choice
30-09-2019 14:01:33.542 [main] INFO  com.company.View.GameView - Proposition: 6666 -> Réponse :-=-=
30-09-2019 14:01:36.905 [main] INFO  com.company.View.GameView - Game Over
30-09-2019 15:36:04.552 [main] INFO  com.company.View.GameView - Config loaded combinationNum=4 tryNum=4
30-09-2019 15:36:04.572 [main] INFO  com.company.View.GameView - InitGame
30-09-2019 15:36:04.573 [main] INFO  com.company.View.GameView - Menu of the game proposed
30-09-2019 15:36:09.945 [main] INFO  com.company.View.GameView - StrategyType: Challenger
30-09-2019 15:36:09.947 [main] INFO  com.company.View.GameView - Strategy Challenger Activated
30-09-2019 15:36:09.948 [main] INFO  com.company.View.GameView - IA generated number 6394
30-09-2019 15:36:19.743 [main] INFO  com.company.View.GameView - Illegal Choice
30-09-2019 15:41:26.517 [main] INFO  com.company.View.GameView - Config loaded combinationNum=4 tryNum=4
30-09-2019 15:41:26.522 [main] INFO  com.company.View.GameView - InitGame
30-09-2019 15:41:26.523 [main] INFO  com.company.View.GameView - Menu of the game proposed
30-09-2019 15:41:31.931 [main] INFO  com.company.View.GameView - StrategyType: Defenseur
30-09-2019 15:41:31.933 [main] INFO  com.company.View.GameView - Strategy Defenseur Activated
30-09-2019 15:41:39.826 [main] INFO  com.company.View.GameView - Illegal Choice
30-09-2019 15:41:44.922 [main] INFO  com.company.View.GameView - Illegal Choice
30-09-2019 15:41:51.210 [main] INFO  com.company.View.GameView - User guessed a secret combination 0012
30-09-2019 15:41:51.211 [main] INFO  com.company.View.GameView - Itelligence Artificielle guessed a number 7662
30-09-2019 15:42:08.407 [main] INFO  com.company.View.GameView - Illegal reponse: ++++
30-09-2019 15:42:27.692 [main] INFO  com.company.View.GameView - Illegal reponse: +++=
30-09-2019 15:42:55.356 [main] INFO  com.company.View.GameView - Proposition: 7662 -> Réponse :---=
30-09-2019 15:42:55.356 [main] INFO  com.company.View.GameView - Itelligence Artificielle guessed a number 7662
30-09-2019 15:43:15.179 [main] INFO  com.company.View.GameView - Proposition: 7662 -> Réponse :---=
30-09-2019 15:43:15.179 [main] INFO  com.company.View.GameView - Itelligence Artificielle guessed a number 7662
30-09-2019 16:02:47.258 [main] INFO  com.company.View.GameView - Config loaded combinationNum=4 tryNum=4
30-09-2019 16:02:47.269 [main] INFO  com.company.View.GameView - InitGame
30-09-2019 16:02:47.269 [main] INFO  com.company.View.GameView - Menu of the game proposed
30-09-2019 16:02:51.635 [main] INFO  com.company.View.GameView - StrategyType: Defenseur
30-09-2019 16:02:51.641 [main] INFO  com.company.View.GameView - Strategy Defenseur Activated
30-09-2019 16:03:02.224 [main] INFO  com.company.View.GameView - Illegal Choice
30-09-2019 16:03:05.697 [main] INFO  com.company.View.GameView - User guessed a secret combination 1234
30-09-2019 16:03:05.698 [main] INFO  com.company.View.GameView - Itelligence Artificielle guessed a number 1871
30-09-2019 16:03:18.857 [main] INFO  com.company.View.GameView - Illegal reponse: dth
30-09-2019 16:03:27.426 [main] INFO  com.company.View.GameView - Illegal reponse: ++++
30-09-2019 16:03:46.427 [main] INFO  com.company.View.GameView - Proposition: 1871 -> Réponse :=++-
30-09-2019 16:03:46.427 [main] INFO  com.company.View.GameView - Itelligence Artificielle guessed a number 4587
30-09-2019 16:04:11.942 [main] INFO  com.company.View.GameView - Illegal reponse: 
30-09-2019 16:04:15.501 [main] INFO  com.company.View.GameView - Proposition: 4587 -> Réponse :++++
30-09-2019 16:04:15.501 [main] INFO  com.company.View.GameView - Itelligence Artificielle guessed a number 2885
30-09-2019 16:04:21.758 [main] INFO  com.company.View.GameView - Proposition: 2885 -> Réponse :++++
30-09-2019 16:04:21.758 [main] INFO  com.company.View.GameView - Itelligence Artificielle guessed a number 5829
30-09-2019 16:04:25.567 [main] INFO  com.company.View.GameView - Illegal reponse: ++++
30-09-2019 16:04:48.493 [main] INFO  com.company.View.GameView - Illegal reponse: ++++
30-09-2019 16:05:33.152 [main] INFO  com.company.View.GameView - Game Over
